<?xml version="1.0" encoding="UTF-8"?>
<!-- Generated by org.testng.reporters.JUnitXMLReporter -->
<testsuite ignored="0" hostname="Swapnil" failures="0" tests="6" name="Sanity Test" time="0.086" errors="0" timestamp="2022-12-05T21:34:05 IST">
  <testcase classname="BatchTesting.LoginTest" name="loginByEmail" time="0.011"/>
  <testcase classname="BatchTesting.LoginTest" name="loginByTwitter" time="0.002"/>
  <testcase classname="BatchTesting.LoginTest" name="loginByfacebook" time="0.001"/>
  <testcase classname="BatchTesting.SignupTest" name="SignUpEmail" time="0.001"/>
  <testcase classname="BatchTesting.SignupTest" name="SignUpbyTwitter" time="0.001"/>
  <testcase classname="BatchTesting.SignupTest" name="SignUpbyfacebook" time="0.002"/>
</testsuite> <!-- Sanity Test -->
