<?xml version="1.0" encoding="UTF-8"?>
<!-- Generated by org.testng.reporters.JUnitXMLReporter -->
<testsuite ignored="0" hostname="Swapnil" failures="0" tests="9" name="LoginTest" time="0.057" errors="0" timestamp="2022-12-04T21:14:51 IST">
  <testcase classname="BatchTesting.LoginTest" name="loginByEmail" time="0.007"/>
  <testcase classname="BatchTesting.LoginTest" name="loginByTwitter" time="0.001"/>
  <testcase classname="BatchTesting.LoginTest" name="loginByfacebook" time="0.001"/>
  <testcase classname="BatchTesting.PaymentTest" name="paymentinDoller" time="0.001"/>
  <testcase classname="BatchTesting.PaymentTest" name="paymentinrupees" time="0.002"/>
  <testcase classname="BatchTesting.SignupTest" name="SignUpEmail" time="0.0"/>
  <testcase classname="BatchTesting.SignupTest" name="SignUpbyTwitter" time="0.001"/>
  <testcase classname="BatchTesting.SignupTest" name="SignUpbyfacebook" time="0.002"/>
  <testcase classname="BatchTesting.PaymentReturns" name="PaymentReturnByBank" time="0.0"/>
</testsuite> <!-- LoginTest -->
