<?xml version="1.0" encoding="UTF-8"?>
<!-- Generated by org.testng.reporters.JUnitXMLReporter -->
<testsuite ignored="0" hostname="Swapnil" failures="0" tests="3" name="Functional Test" time="0.008" errors="0" timestamp="2022-12-05T21:34:05 IST">
  <testcase classname="BatchTesting.PaymentTest" name="paymentinDoller" time="0.002"/>
  <testcase classname="BatchTesting.PaymentTest" name="paymentinrupees" time="0.001"/>
  <testcase classname="BatchTesting.PaymentReturns" name="PaymentReturnByBank" time="0.001"/>
</testsuite> <!-- Functional Test -->
